<?xml version="1.0" encoding="UTF-8"?>
<!-- Generated by org.testng.reporters.JUnitXMLReporter -->
<testsuite ignored="1" hostname="DESKTOP-8NH1IRK" failures="0" tests="4" name="Default test" time="32.468" errors="0" timestamp="2024-09-26T23:49:45 IST">
  <testcase classname="testCaseClass.LoginPageTest" name="any" time="1.823"/>
  <testcase classname="testCaseClass.LoginPageTest" name="ClickTelegramLoginBtn" time="23.3"/>
  <testcase classname="testCaseClass.LoginPageTest" name="LearnMoreAboutHubzText" time="2.194"/>
  <testcase classname="testCaseClass.LoginPageTest" name="tryhubznow" time="0.894"/>
  <testcase classname="testCaseClass.LoginPageTest" name="dropdownselect" time="0.0">
    <ignored/>
  </testcase> <!-- dropdownselect -->
</testsuite> <!-- Default test -->
